<?xml version="1.0" encoding="UTF-8"?>
<testng-results skipped="0" failed="0" ignored="0" total="2" passed="2">
  <reporter-output>
  </reporter-output>
  <suite name="Default suite" duration-ms="12949" started-at="2019-06-07T20:15:35Z" finished-at="2019-06-07T20:15:48Z">
    <groups>
      <group name="cucumber">
        <method signature="AbstractTestNGCucumberTests.runScenario(cucumber.api.testng.PickleEventWrapper, cucumber.api.testng.CucumberFeatureWrapper)[pri:0, instance:runtest.RunTest@1494225]" name="runScenario" class="cucumber.api.testng.AbstractTestNGCucumberTests"/>
      </group> <!-- cucumber -->
    </groups>
    <test name="Default test" duration-ms="12949" started-at="2019-06-07T20:15:35Z" finished-at="2019-06-07T20:15:48Z">
      <class name="runtest.RunTest">
        <test-method status="PASS" signature="setUpClass()[pri:0, instance:runtest.RunTest@1494225]" name="setUpClass" is-config="true" duration-ms="207" started-at="2019-06-07T20:15:35Z" finished-at="2019-06-07T20:15:36Z">
          <reporter-output>
          </reporter-output>
        </test-method> <!-- setUpClass -->
        <test-method status="PASS" signature="runScenario(cucumber.api.testng.PickleEventWrapper, cucumber.api.testng.CucumberFeatureWrapper)[pri:0, instance:runtest.RunTest@1494225]" name="runScenario" duration-ms="6941" started-at="2019-06-07T20:15:36Z" description="Runs Cucumber Scenarios" data-provider="scenarios" finished-at="2019-06-07T20:15:43Z">
          <params>
            <param index="0">
              <value>
                <![CDATA["TC001_Positive Leaftaps CreateLead"]]>
              </value>
            </param>
            <param index="1">
              <value>
                <![CDATA["Leaftaps CreateLead"]]>
              </value>
            </param>
          </params>
          <reporter-output>
          </reporter-output>
        </test-method> <!-- runScenario -->
        <test-method status="PASS" signature="runScenario(cucumber.api.testng.PickleEventWrapper, cucumber.api.testng.CucumberFeatureWrapper)[pri:0, instance:runtest.RunTest@1494225]" name="runScenario" duration-ms="5668" started-at="2019-06-07T20:15:43Z" description="Runs Cucumber Scenarios" data-provider="scenarios" finished-at="2019-06-07T20:15:48Z">
          <params>
            <param index="0">
              <value>
                <![CDATA["TC001_Positive Leaftaps CreateLead"]]>
              </value>
            </param>
            <param index="1">
              <value>
                <![CDATA["Leaftaps CreateLead"]]>
              </value>
            </param>
          </params>
          <reporter-output>
          </reporter-output>
        </test-method> <!-- runScenario -->
        <test-method status="PASS" signature="tearDownClass()[pri:0, instance:runtest.RunTest@1494225]" name="tearDownClass" is-config="true" duration-ms="8" started-at="2019-06-07T20:15:48Z" finished-at="2019-06-07T20:15:48Z">
          <reporter-output>
          </reporter-output>
        </test-method> <!-- tearDownClass -->
      </class> <!-- runtest.RunTest -->
    </test> <!-- Default test -->
  </suite> <!-- Default suite -->
</testng-results>
